Arguments: 
  C:\Program Files\nodejs\node.exe C:\Users\86198\AppData\Roaming\npm\node_modules\yarn\bin\yarn.js add terser-webpack-plugin -D

PATH: 
  D:\linuxSoft\vm16\bin\;C:\Program Files\Python310\Scripts\;C:\Program Files\Python310\;C:\ProgramData\Oracle\Java\javapath;C:\Windows\system32;C:\Windows;C:\Windows\System32\Wbem;C:\Windows\System32\WindowsPowerShell\v1.0\;C:\Windows\System32\OpenSSH\;C:\Program Files\Git\cmd;C:\Users\86198\AppData\Roaming\nvm;C:\Program Files\nodejs;C:\Program Files (x86)\Android\android-sdk;C:\Program Files (x86)\Android\android-sdk\platform-tools;C:\Users\86198\AppData\Local\Microsoft\WindowsApps;C:\Users\86198\AppData\Local\Programs\Microsoft VS Code\bin;C:\Users\86198\AppData\Roaming\npm;C:\Program Files\MongoDB\Server\4.0\bin;D:\developer_tools\java\jdk1.8.0_131\bin;C:\Users\86198\AppData\Roaming\nvm;C:\Program Files\nodejs;D:\developer_tools\java\jdk1.8.0_131\jre\bin;

Yarn version: 
  1.22.10

Node version: 
  14.17.3

Platform: 
  win32 x64

Trace: 
  Error: ENOENT: no such file or directory, copyfile 'C:\Users\86198\AppData\Local\Yarn\Cache\v6\npm-ms-2.1.2-d09d1f357b443f493382a8eb3ccd183872ae6009-integrity\node_modules\ms\readme.md' -> 'C:\Users\86198\Desktop\project\my-weback\node_modules\@babel\core\node_modules\ms\readme.md'

npm manifest: 
  {
    "name": "my-weback",
    "version": "1.0.0",
    "description": "",
    "main": "index.js",
    "scripts": {
      "test": "echo \"Error: no test specified\" && exit 1"
    },
    "keywords": [],
    "author": "",
    "license": "ISC",
    "devDependencies": {
      "@babel/core": "^7.16.0",
      "@babel/plugin-transform-runtime": "^7.16.0",
      "@babel/preset-env": "^7.16.0",
      "@babel/runtime": "^7.16.3",
      "babel-loader": "^8.2.3",
      "css-loader": "^6.5.1",
      "css-minimizer-webpack-plugin": "^3.1.3",
      "html-webpack-plugin": "^5.5.0",
      "less": "^4.1.2",
      "less-loader": "^10.2.0",
      "mini-css-extract-plugin": "^2.4.4",
      "style-loader": "^3.3.1",
      "webpack": "^5.64.0",
      "webpack-cli": "^4.9.1",
      "webpack-dev-server": "^4.5.0"
    }
  }

yarn manifest: 
  No manifest

Lockfile: 
  No lockfile
